2025-10-12 10:00:01 INFO Api Server started
2025-10-12 10:01:15 ERROR Failed to connect to database
2025-10-12 10:02:30 WARNING Low disk space
2025-10-12 10:03:45 INFO User login: burak
2025-10-12 10:04:00 ERROR Timeout while reading file
2025-10-12 10:05:10 INFO Server stopped
2025-10-12 10:06:20 INFO Api Server restarted
2025-10-12 10:07:30 WARNING High memory usage detected
2025-10-12 10:08:40 INFO User logout: burak
2025-10-12 10:09:50 ERROR Failed to write to log file
2025-10-12 10:10:00 INFO System health check passed
2025-10-12 10:11:15 WARNING Deprecated API usage
2025-10-12 10:12:25 INFO New user registered: alice
2025-10-12 10:13:35 ERROR Database connection lost
2025-10-12 10:14:45 INFO Backup completed successfully
2025-10-12 10:15:55 WARNING CPU temperature high
2025-10-12 10:16:05 INFO Api Server shutdown initiated
2025-10-12 10:17:15 ERROR Failed to send email notification
2025-10-12 10:18:25 INFO Api Server shutdown completed
2025-10-12 10:19:35 WARNING Unusual login activity detected
